#
# There is insufficient memory for the Java Runtime Environment to continue.
# Native memory allocation (mmap) failed to map 132120576 bytes for Failed to commit area from 0x0000000082000000 to 0x0000000089e00000 of length 132120576.
# Possible reasons:
#   The system is out of physical RAM or swap space
#   The process is running with CompressedOops enabled, and the Java Heap may be blocking the growth of the native heap
# Possible solutions:
#   Reduce memory load on the system
#   Increase physical memory or swap space
#   Check if swap backing store is full
#   Decrease Java heap size (-Xmx/-Xms)
#   Decrease number of Java threads
#   Decrease Java thread stack sizes (-Xss)
#   Set larger code cache with -XX:ReservedCodeCacheSize=
# This output file may be truncated or incomplete.
#
#  Out of Memory Error (./src/hotspot/os/windows/os_windows.cpp:3301), pid=26684, tid=51592
#
# JRE version:  (11.0.10) (build )
# Java VM: OpenJDK 64-Bit Server VM (11.0.10+0-b96-7249189, mixed mode, sharing, tiered, compressed oops, g1 gc, windows-amd64)
# No core dump will be written. Minidumps are not enabled by default on client versions of Windows
#

---------------  S U M M A R Y ------------

Command Line: org.jetbrains.git4idea.http.GitAskPassApp Username for 'https://github.com': 

Host: AMD Ryzen 5 4600H with Radeon Graphics         , 12 cores, 7G,  Windows 10 , 64 bit Build 19041 (10.0.19041.1151)
Time: Sun Mar 20 22:17:55 2022 ‘ËÌÎˇÌ‰Ëˇ (ÁËÏ‡) elapsed time: 0.011947 seconds (0d 0h 0m 0s)

---------------  T H R E A D  ---------------

Current thread (0x0000020106f2c000):  JavaThread "Unknown thread" [_thread_in_vm, id=51592, stack(0x000000a91df00000,0x000000a91e000000)]

Stack: [0x000000a91df00000,0x000000a91e000000]
Native frames: (J=compiled Java code, j=interpreted, Vv=VM code, C=native code)
V  [jvm.dll+0x5ecfaa]
V  [jvm.dll+0x722bd5]
V  [jvm.dll+0x72412d]
V  [jvm.dll+0x7247e3]
V  [jvm.dll+0x242928]
V  [jvm.dll+0x5ea374]
V  [jvm.dll+0x5df425]
V  [jvm.dll+0x2fdebb]
V  [jvm.dll+0x2fde2a]
V  [jvm.dll+0x2fdd02]
V  [jvm.dll+0x302bf6]
V  [jvm.dll+0x34b2a3]
V  [jvm.dll+0x34b9a6]
V  [jvm.dll+0x34b3a3]
V  [jvm.dll+0x2d8888]
V  [jvm.dll+0x2d9a37]
V  [jvm.dll+0x701737]
V  [jvm.dll+0x702f2c]
V  [jvm.dll+0x3587d9]
V  [jvm.dll+0x6e4fae]
V  [jvm.dll+0x3c0be3]
V  [jvm.dll+0x3c2e91]
C  [jli.dll+0x5373]
C  [ucrtbase.dll+0x21bb2]
C  [KERNEL32.DLL+0x17034]
C  [ntdll.dll+0x52651]


---------------  P R O C E S S  ---------------

Threads class SMR info:
_java_thread_list=0x0000020104e61fe0, length=0, elements={
}

Java Threads: ( => current thread )

Other Threads:
  0x0000020106f44000 GCTaskThread "GC Thread#0" [stack: 0x000000a91e000000,0x000000a91e100000] [id=24912]
  0x0000020106f75800 ConcurrentGCThread "G1 Main Marker" [stack: 0x000000a91e100000,0x000000a91e200000] [id=50492]
  0x0000020106f79000 ConcurrentGCThread "G1 Conc#0" [stack: 0x000000a91e200000,0x000000a91e300000] [id=47924]

[error occurred during error reporting (printing all threads), id 0xc0000005, EXCEPTION_ACCESS_VIOLATION (0xc0000005) at pc=0x00007ffd89999107]

VM state:not at safepoint (not fully initialized)

VM Mutex/Monitor currently owned by a thread:  ([mutex/lock_event])
[0x0000020106f28780] Heap_lock - owner thread: 0x0000020106f2c000

Heap address: 0x0000000082000000, size: 2016 MB, Compressed Oops mode: Non-zero based: 0x0000000082000000
Narrow klass base: 0x0000000000000000, Narrow klass shift: 0

GC Heap History (0 events):
No events

Deoptimization events (0 events):
No events

Classes redefined (0 events):
No events

Internal exceptions (0 events):
No events

Events (1 events):
Event: 0.006 Loaded shared library C:\Program Files\Android\Android Studio\jre\bin\zip.dll


Dynamic libraries:
0x00007ff6b7e30000 - 0x00007ff6b7e3a000 	C:\Program Files\Android\Android Studio\jre\bin\java.exe
0x00007ffddb210000 - 0x00007ffddb405000 	C:\WINDOWS\SYSTEM32\ntdll.dll
0x00007ffdd9520000 - 0x00007ffdd95dd000 	C:\WINDOWS\System32\KERNEL32.DLL
0x00007ffdd8a10000 - 0x00007ffdd8cd9000 	C:\WINDOWS\System32\KERNELBASE.dll
0x00007ffdd9170000 - 0x00007ffdd9270000 	C:\WINDOWS\System32\ucrtbase.dll
0x00007ffdc2840000 - 0x00007ffdc2859000 	C:\Program Files\Android\Android Studio\jre\bin\jli.dll
0x00007ffdd2370000 - 0x00007ffdd2387000 	C:\Program Files\Android\Android Studio\jre\bin\VCRUNTIME140.dll
0x00007ffddaa90000 - 0x00007ffddac30000 	C:\WINDOWS\System32\USER32.dll
0x00007ffdd8940000 - 0x00007ffdd8962000 	C:\WINDOWS\System32\win32u.dll
0x00007ffdac3b0000 - 0x00007ffdac64a000 	C:\WINDOWS\WinSxS\amd64_microsoft.windows.common-controls_6595b64144ccf1df_6.0.19041.1110_none_60b5254171f9507e\COMCTL32.dll
0x00007ffdd9990000 - 0x00007ffdd99ba000 	C:\WINDOWS\System32\GDI32.dll
0x00007ffdda920000 - 0x00007ffdda9be000 	C:\WINDOWS\System32\msvcrt.dll
0x00007ffdd9060000 - 0x00007ffdd916b000 	C:\WINDOWS\System32\gdi32full.dll
0x00007ffdd8970000 - 0x00007ffdd8a0d000 	C:\WINDOWS\System32\msvcp_win.dll
0x00007ffdda6a0000 - 0x00007ffdda6d0000 	C:\WINDOWS\System32\IMM32.DLL
0x00007ffda8b40000 - 0x00007ffda8bdd000 	C:\Program Files\Android\Android Studio\jre\bin\msvcp140.dll
0x00007ffd896b0000 - 0x00007ffd8a17f000 	C:\Program Files\Android\Android Studio\jre\bin\server\jvm.dll
0x00007ffdd9470000 - 0x00007ffdd951c000 	C:\WINDOWS\System32\ADVAPI32.dll
0x00007ffdda600000 - 0x00007ffdda69b000 	C:\WINDOWS\System32\sechost.dll
0x00007ffdd95e0000 - 0x00007ffdd970a000 	C:\WINDOWS\System32\RPCRT4.dll
0x00007ffddb1c0000 - 0x00007ffddb1c8000 	C:\WINDOWS\System32\PSAPI.DLL
0x00007ffdcea70000 - 0x00007ffdcea7a000 	C:\WINDOWS\SYSTEM32\VERSION.dll
0x00007ffdc7870000 - 0x00007ffdc7897000 	C:\WINDOWS\SYSTEM32\WINMM.dll
0x00007ffdd5f60000 - 0x00007ffdd5f69000 	C:\WINDOWS\SYSTEM32\WSOCK32.dll
0x00007ffdd9710000 - 0x00007ffdd977b000 	C:\WINDOWS\System32\WS2_32.dll
0x00007ffdd7200000 - 0x00007ffdd7212000 	C:\WINDOWS\SYSTEM32\kernel.appcore.dll
0x00007ffdcebf0000 - 0x00007ffdcec01000 	C:\Program Files\Android\Android Studio\jre\bin\verify.dll
0x00007ffdd6820000 - 0x00007ffdd6a04000 	C:\WINDOWS\SYSTEM32\DBGHELP.DLL
0x00007ffdcc460000 - 0x00007ffdcc48c000 	C:\WINDOWS\SYSTEM32\dbgcore.DLL
0x00007ffdd8ce0000 - 0x00007ffdd8d63000 	C:\WINDOWS\System32\bcryptPrimitives.dll
0x00007ffdc1550000 - 0x00007ffdc1579000 	C:\Program Files\Android\Android Studio\jre\bin\java.dll
0x00007ffdd24a0000 - 0x00007ffdd24ab000 	C:\Program Files\Android\Android Studio\jre\bin\jimage.dll
0x00007ffdc5770000 - 0x00007ffdc5788000 	C:\Program Files\Android\Android Studio\jre\bin\zip.dll

dbghelp: loaded successfully - version: 4.0.5 - missing functions: none
symbol engine: initialized successfully - sym options: 0x614 - pdb path: .;C:\Program Files\Android\Android Studio\jre\bin;C:\WINDOWS\SYSTEM32;C:\WINDOWS\WinSxS\amd64_microsoft.windows.common-controls_6595b64144ccf1df_6.0.19041.1110_none_60b5254171f9507e;C:\Program Files\Android\Android Studio\jre\bin\server

VM Arguments:
java_command: org.jetbrains.git4idea.http.GitAskPassApp Username for 'https://github.com': 
java_class_path (initial): C:/Program Files/Android/Android Studio/plugins/git4idea/lib/git4idea-rt.jar;C:/Program Files/Android/Android Studio/lib/xmlrpc-2.0.1.jar;C:/Program Files/Android/Android Studio/lib/commons-codec-1.14.jar
Launcher Type: SUN_STANDARD

[Global flags]
     intx CICompilerCount                          = 4                                         {product} {ergonomic}
     uint ConcGCThreads                            = 3                                         {product} {ergonomic}
     uint G1ConcRefinementThreads                  = 10                                        {product} {ergonomic}
   size_t G1HeapRegionSize                         = 1048576                                   {product} {ergonomic}
    uintx GCDrainStackTargetSize                   = 64                                        {product} {ergonomic}
   size_t InitialHeapSize                          = 132120576                                 {product} {ergonomic}
   size_t MarkStackSize                            = 4194304                                   {product} {ergonomic}
   size_t MaxHeapSize                              = 2113929216                                {product} {ergonomic}
   size_t MinHeapDeltaBytes                        = 1048576                                   {product} {ergonomic}
    uintx NonNMethodCodeHeapSize                   = 5836300                                {pd product} {ergonomic}
    uintx NonProfiledCodeHeapSize                  = 122910970                              {pd product} {ergonomic}
    uintx ProfiledCodeHeapSize                     = 122910970                              {pd product} {ergonomic}
    uintx ReservedCodeCacheSize                    = 251658240                              {pd product} {ergonomic}
     bool SegmentedCodeCache                       = true                                      {product} {ergonomic}
     bool UseCompressedClassPointers               = true                                 {lp64_product} {ergonomic}
     bool UseCompressedOops                        = true                                 {lp64_product} {ergonomic}
     bool UseG1GC                                  = true                                      {product} {ergonomic}
     bool UseLargePagesIndividualAllocation        = false                                  {pd product} {ergonomic}

Logging:
Log output configuration:
 #0: stdout all=warning uptime,level,tags
 #1: stderr all=off uptime,level,tags

Environment Variables:
PATH=C:/Program Files/Git/mingw64/libexec/git-core;C:/Program Files/Git/mingw64/libexec/git-core;C:\Program Files\Git\mingw64\bin;C:\Program Files\Git\usr\bin;C:\Users\“≈’ÕŒ“Œœ\bin;C:\Program Files\Common Files\Oracle\Java\javapath;C:\Program Files (x86)\Razer Chroma SDK\bin;C:\Program Files\Razer Chroma SDK\bin;C:\Program Files (x86)\Razer\ChromaBroadcast\bin;C:\Program Files\Razer\ChromaBroadcast\bin;C:\Windows\system32;C:\Windows;C:\Windows\System32\Wbem;C:\Windows\System32\WindowsPowerShell\v1.0\;C:\Windows\System32\OpenSSH\;C:\Program Files (x86)\NVIDIA Corporation\PhysX\Common;C:\Windows\system32\config\systemprofile\AppData\Local\Microsoft\WindowsApps;C:\Program Files\NVIDIA Corporation\NVIDIA NvDLISR;C:\Program Files\dotnet\;C:\Program Files (x86)\dotnet\;C:\WINDOWS\system32;C:\WINDOWS;C:\WINDOWS\System32\Wbem;C:\WINDOWS\System32\WindowsPowerShell\v1.0\;C:\WINDOWS\System32\OpenSSH\;C:\Program Files\Git\cmd;C:\Users\“≈’ÕŒ“Œœ\AppData\Local\Microsoft\WindowsApps;C:\Users\“≈’ÕŒ“Œœ\.dotnet\tools;C:\Program Files\JetBrains\IntelliJ IDEA Community Edition 2021.2.3\bin
USERNAME=Anton
DISPLAY=:0.0
LC_ALL=en_US.UTF-8
OS=Windows_NT
PROCESSOR_IDENTIFIER=AMD64 Family 23 Model 96 Stepping 1, AuthenticAMD



---------------  S Y S T E M  ---------------

OS: Windows 10 , 64 bit Build 19041 (10.0.19041.1151)
OS uptime: 16 days 3:05 hours

CPU:total 12 (initial active 12) (12 cores per cpu, 2 threads per core) family 23 model 96 stepping 1 microcode 0x0, cmov, cx8, fxsr, mmx, sse, sse2, sse3, ssse3, sse4.1, sse4.2, popcnt, avx, avx2, aes, clmul, mmxext, 3dnowpref, lzcnt, sse4a, ht, tsc, tscinvbit, tscinv, bmi1, bmi2, adx, 

Memory: 4k page, system-wide physical 8061M (700M free)
TotalPageFile size 25689M (AvailPageFile size 16M)
current process WorkingSet (physical memory assigned to process): 10M, peak: 10M
current process commit charge ("private bytes"): 64M, peak: 189M

vm_info: OpenJDK 64-Bit Server VM (11.0.10+0-b96-7249189) for windows-amd64 JRE (11.0.10+0-b96-7249189), built on Mar 31 2021 21:44:00 by "builder" with MS VC++ 14.0 (VS2015)

END.
